  [1m[36m (205.6ms)[0m  [1mCREATE TABLE `schema_migrations` (`version` varchar(255) NOT NULL) ENGINE=InnoDB[0m
  [1m[35m (168.6ms)[0m  CREATE UNIQUE INDEX `unique_schema_migrations` ON `schema_migrations` (`version`) 
  [1m[36mActiveRecord::SchemaMigration Load (0.2ms)[0m  [1mSELECT `schema_migrations`.* FROM `schema_migrations`[0m
Migrating to CreateClients (20140702205942)
  [1m[35m (152.7ms)[0m  CREATE TABLE `clients` (`id` int(11) DEFAULT NULL auto_increment PRIMARY KEY, `name` varchar(255), `created_at` datetime, `updated_at` datetime) ENGINE=InnoDB
  [1m[36m (0.4ms)[0m  [1mBEGIN[0m
  [1m[35mSQL (52.7ms)[0m  INSERT INTO `schema_migrations` (`version`) VALUES ('20140702205942')
  [1m[36m (0.5ms)[0m  [1mCOMMIT[0m
Migrating to CreatePractices (20140702205947)
  [1m[35m (185.5ms)[0m  CREATE TABLE `practices` (`id` int(11) DEFAULT NULL auto_increment PRIMARY KEY, `name` varchar(255), `created_at` datetime, `updated_at` datetime) ENGINE=InnoDB
  [1m[36m (0.1ms)[0m  [1mBEGIN[0m
  [1m[35mSQL (0.2ms)[0m  INSERT INTO `schema_migrations` (`version`) VALUES ('20140702205947')
  [1m[36m (0.4ms)[0m  [1mCOMMIT[0m
Migrating to CreateOpportunities (20140702205953)
  [1m[35m (182.4ms)[0m  CREATE TABLE `opportunities` (`id` int(11) DEFAULT NULL auto_increment PRIMARY KEY, `client_id` int(11), `xd_owner` int(11), `name` varchar(255), `xd_revenue` decimal(12,2), `proposed_date` date, `rfi_due_date` date, `rfp_due_date` date, `sow_due_date` date, `sse_due_date` date, `close_date` date, `start_date` date, `present_date` date, `duration_in_weeks` int(11), `proposed_date_set` tinyint(1) DEFAULT 0, `active` tinyint(1) DEFAULT 1, `created_at` datetime, `updated_at` datetime) ENGINE=InnoDB
  [1m[36m (0.1ms)[0m  [1mBEGIN[0m
  [1m[35mSQL (0.2ms)[0m  INSERT INTO `schema_migrations` (`version`) VALUES ('20140702205953')
  [1m[36m (0.4ms)[0m  [1mCOMMIT[0m
Migrating to CreateRoles (20140702205958)
  [1m[35m (141.2ms)[0m  CREATE TABLE `roles` (`id` int(11) DEFAULT NULL auto_increment PRIMARY KEY, `name` varchar(255), `standard_rate` decimal(7,2), `created_at` datetime, `updated_at` datetime) ENGINE=InnoDB
  [1m[36m (0.1ms)[0m  [1mBEGIN[0m
  [1m[35mSQL (0.2ms)[0m  INSERT INTO `schema_migrations` (`version`) VALUES ('20140702205958')
  [1m[36m (0.4ms)[0m  [1mCOMMIT[0m
Migrating to CreateTeamMembers (20140702210007)
  [1m[35m (141.3ms)[0m  CREATE TABLE `team_members` (`id` int(11) DEFAULT NULL auto_increment PRIMARY KEY, `practice_id` int(11), `name` varchar(255), `created_at` datetime, `updated_at` datetime) ENGINE=InnoDB
  [1m[36m (0.1ms)[0m  [1mBEGIN[0m
  [1m[35mSQL (0.2ms)[0m  INSERT INTO `schema_migrations` (`version`) VALUES ('20140702210007')
  [1m[36m (0.4ms)[0m  [1mCOMMIT[0m
Migrating to CreateAssignments (20140702211149)
  [1m[35m (119.7ms)[0m  CREATE TABLE `assignments` (`id` int(11) DEFAULT NULL auto_increment PRIMARY KEY, `assigner_id` int(11), `team_member_id_id` int(11), `opportunity_id_id` int(11), `role_id_id` int(11), `rate` float, `hours` float, `start_week` int(11), `start_date` int(11), `created_at` datetime, `updated_at` datetime) ENGINE=InnoDB
  [1m[36m (0.1ms)[0m  [1mBEGIN[0m
  [1m[35mSQL (0.2ms)[0m  INSERT INTO `schema_migrations` (`version`) VALUES ('20140702211149')
  [1m[36m (0.4ms)[0m  [1mCOMMIT[0m
Migrating to AddDeviseToUsers (20140703175437)
  [1m[35m (24.8ms)[0m  ALTER TABLE `users` ADD `email` varchar(255) DEFAULT '' NOT NULL
Mysql2::Error: Table 'xdata_development.users' doesn't exist: ALTER TABLE `users` ADD `email` varchar(255) DEFAULT '' NOT NULL
  [1m[36m (0.2ms)[0m  [1mSELECT version FROM schema_migrations[0m
  [1m[36mActiveRecord::SchemaMigration Load (0.2ms)[0m  [1mSELECT `schema_migrations`.* FROM `schema_migrations`[0m
Migrating to AddDeviseToUsers (20140703175437)
  [1m[35m (133.5ms)[0m  CREATE TABLE `users` (`id` int(11) DEFAULT NULL auto_increment PRIMARY KEY, `email` varchar(255) DEFAULT '' NOT NULL, `encrypted_password` varchar(255) DEFAULT '' NOT NULL, `reset_password_token` varchar(255), `reset_password_sent_at` datetime, `remember_created_at` datetime, `sign_in_count` int(11) DEFAULT 0 NOT NULL, `current_sign_in_at` datetime, `last_sign_in_at` datetime, `current_sign_in_ip` varchar(255), `last_sign_in_ip` varchar(255)) ENGINE=InnoDB
  [1m[36m (171.9ms)[0m  [1mCREATE UNIQUE INDEX `index_users_on_email` ON `users` (`email`) [0m
  [1m[35m (161.8ms)[0m  CREATE UNIQUE INDEX `index_users_on_reset_password_token` ON `users` (`reset_password_token`) 
  [1m[36m (0.1ms)[0m  [1mBEGIN[0m
  [1m[35mSQL (0.2ms)[0m  INSERT INTO `schema_migrations` (`version`) VALUES ('20140703175437')
  [1m[36m (0.5ms)[0m  [1mCOMMIT[0m
  [1m[35mActiveRecord::SchemaMigration Load (0.2ms)[0m  SELECT `schema_migrations`.* FROM `schema_migrations`
  [1m[36mActiveRecord::SchemaMigration Load (0.2ms)[0m  [1mSELECT `schema_migrations`.* FROM `schema_migrations`[0m
  [1m[35mActiveRecord::SchemaMigration Load (0.3ms)[0m  SELECT `schema_migrations`.* FROM `schema_migrations`
Migrating to AddDeviseToUsers (20140703175437)
  [1m[36m (201.3ms)[0m  [1mDROP DATABASE IF EXISTS `xdata_development`[0m
  [1m[35m (0.5ms)[0m  DROP DATABASE IF EXISTS `xdata_test`
  [1m[36m (0.4ms)[0m  [1mCREATE DATABASE `xdata_development` DEFAULT CHARACTER SET `utf8` COLLATE `utf8_unicode_ci`[0m
  [1m[35m (0.3ms)[0m  CREATE DATABASE `xdata_test` DEFAULT CHARACTER SET `utf8` COLLATE `utf8_unicode_ci`
  [1m[36m (140.9ms)[0m  [1mCREATE TABLE `assignments` (`id` int(11) DEFAULT NULL auto_increment PRIMARY KEY, `assigner_id` int(11), `team_member_id_id` int(11), `opportunity_id_id` int(11), `role_id_id` int(11), `rate` float, `hours` float, `start_week` int(11), `start_date` int(11), `created_at` datetime, `updated_at` datetime) ENGINE=InnoDB[0m
  [1m[35m (277.7ms)[0m  CREATE TABLE `clients` (`id` int(11) DEFAULT NULL auto_increment PRIMARY KEY, `name` varchar(255), `created_at` datetime, `updated_at` datetime) ENGINE=InnoDB
  [1m[36m (131.5ms)[0m  [1mCREATE TABLE `opportunities` (`id` int(11) DEFAULT NULL auto_increment PRIMARY KEY, `client_id` int(11), `xd_owner` int(11), `name` varchar(255), `xd_revenue` decimal(12,2), `proposed_date` date, `rfi_due_date` date, `rfp_due_date` date, `sow_due_date` date, `sse_due_date` date, `close_date` date, `start_date` date, `present_date` date, `duration_in_weeks` int(11), `proposed_date_set` tinyint(1) DEFAULT 0, `active` tinyint(1) DEFAULT 1, `created_at` datetime, `updated_at` datetime) ENGINE=InnoDB[0m
  [1m[35m (143.6ms)[0m  CREATE TABLE `practices` (`id` int(11) DEFAULT NULL auto_increment PRIMARY KEY, `name` varchar(255), `created_at` datetime, `updated_at` datetime) ENGINE=InnoDB
  [1m[36m (144.9ms)[0m  [1mCREATE TABLE `roles` (`id` int(11) DEFAULT NULL auto_increment PRIMARY KEY, `name` varchar(255), `standard_rate` decimal(7,2), `created_at` datetime, `updated_at` datetime) ENGINE=InnoDB[0m
  [1m[35m (142.7ms)[0m  CREATE TABLE `team_members` (`id` int(11) DEFAULT NULL auto_increment PRIMARY KEY, `practice_id` int(11), `name` varchar(255), `created_at` datetime, `updated_at` datetime) ENGINE=InnoDB
  [1m[36m (144.7ms)[0m  [1mCREATE TABLE `users` (`id` int(11) DEFAULT NULL auto_increment PRIMARY KEY, `email` varchar(255) DEFAULT '' NOT NULL, `encrypted_password` varchar(255) DEFAULT '' NOT NULL, `reset_password_token` varchar(255), `reset_password_sent_at` datetime, `remember_created_at` datetime, `sign_in_count` int(11) DEFAULT 0 NOT NULL, `current_sign_in_at` datetime, `last_sign_in_at` datetime, `current_sign_in_ip` varchar(255), `last_sign_in_ip` varchar(255)) ENGINE=InnoDB[0m
  [1m[35m (144.7ms)[0m  CREATE UNIQUE INDEX `index_users_on_email` USING btree ON `users` (`email`) 
  [1m[36m (145.3ms)[0m  [1mCREATE UNIQUE INDEX `index_users_on_reset_password_token` USING btree ON `users` (`reset_password_token`) [0m
  [1m[35m (194.9ms)[0m  CREATE TABLE `schema_migrations` (`version` varchar(255) NOT NULL) ENGINE=InnoDB
  [1m[36m (225.8ms)[0m  [1mCREATE UNIQUE INDEX `unique_schema_migrations` ON `schema_migrations` (`version`) [0m
  [1m[35m (0.3ms)[0m  SELECT version FROM `schema_migrations`
  [1m[36m (0.8ms)[0m  [1mINSERT INTO `schema_migrations` (version) VALUES ('20140703175437')[0m
  [1m[35m (0.4ms)[0m  INSERT INTO `schema_migrations` (version) VALUES ('20140702205942')
  [1m[36m (0.4ms)[0m  [1mINSERT INTO `schema_migrations` (version) VALUES ('20140702205947')[0m
  [1m[35m (0.4ms)[0m  INSERT INTO `schema_migrations` (version) VALUES ('20140702205953')
  [1m[36m (0.4ms)[0m  [1mINSERT INTO `schema_migrations` (version) VALUES ('20140702205958')[0m
  [1m[35m (0.4ms)[0m  INSERT INTO `schema_migrations` (version) VALUES ('20140702210007')
  [1m[36m (0.4ms)[0m  [1mINSERT INTO `schema_migrations` (version) VALUES ('20140702211149')[0m
  [1m[35mActiveRecord::SchemaMigration Load (0.2ms)[0m  SELECT `schema_migrations`.* FROM `schema_migrations`
